  [1m[36m (1.7ms)[0m  [1mCREATE TABLE "schema_migrations" ("version" varchar NOT NULL) [0m
  [1m[35m (0.1ms)[0m  select sqlite_version(*)
  [1m[36m (1.6ms)[0m  [1mCREATE UNIQUE INDEX "unique_schema_migrations" ON "schema_migrations" ("version")[0m
  [1m[35mActiveRecord::SchemaMigration Load (0.1ms)[0m  SELECT "schema_migrations".* FROM "schema_migrations"


Started GET "/" for ::1 at 2015-11-17 17:47:54 -0600
Processing by Rails::WelcomeController#index as HTML
  Rendered /Users/admin/.rvm/gems/ruby-2.1.2/gems/railties-4.2.3/lib/rails/templates/rails/welcome/index.html.erb (2.8ms)
Completed 200 OK in 27ms (Views: 19.4ms | ActiveRecord: 0.0ms)
  [1m[36mActiveRecord::SchemaMigration Load (0.1ms)[0m  [1mSELECT "schema_migrations".* FROM "schema_migrations"[0m
Migrating to CreateStudents (1)
  [1m[35m (0.1ms)[0m  begin transaction
  [1m[36m (0.4ms)[0m  [1mCREATE TABLE "students" ("id" INTEGER PRIMARY KEY AUTOINCREMENT NOT NULL, "first_name" varchar, "last_name" varchar, "created_at" datetime NOT NULL, "updated_at" datetime NOT NULL) [0m
  [1m[35mSQL (0.3ms)[0m  INSERT INTO "schema_migrations" ("version") VALUES (?)  [["version", "1"]]
  [1m[36m (1.4ms)[0m  [1mcommit transaction[0m
  [1m[35mActiveRecord::SchemaMigration Load (0.1ms)[0m  SELECT "schema_migrations".* FROM "schema_migrations"
  [1m[36m (0.1ms)[0m  [1mbegin transaction[0m
  [1m[35mSQL (0.3ms)[0m  INSERT INTO "students" ("first_name", "last_name", "created_at", "updated_at") VALUES (?, ?, ?, ?)  [["first_name", "Jordan"], ["last_name", "Hudgens"], ["created_at", "2015-11-18 00:10:55.545365"], ["updated_at", "2015-11-18 00:10:55.545365"]]
  [1m[36m (2.9ms)[0m  [1mcommit transaction[0m
  [1m[35mStudent Load (0.2ms)[0m  SELECT  "students".* FROM "students"  ORDER BY "students"."id" DESC LIMIT 1
  [1m[36m (0.1ms)[0m  [1mbegin transaction[0m
  [1m[35mSQL (0.3ms)[0m  INSERT INTO "students" ("created_at", "updated_at") VALUES (?, ?)  [["created_at", "2015-11-18 00:17:49.095449"], ["updated_at", "2015-11-18 00:17:49.095449"]]
  [1m[36m (1.2ms)[0m  [1mcommit transaction[0m
  [1m[35mStudent Load (0.2ms)[0m  SELECT  "students".* FROM "students"  ORDER BY "students"."id" DESC LIMIT 1
  [1m[36mActiveRecord::SchemaMigration Load (0.1ms)[0m  [1mSELECT "schema_migrations".* FROM "schema_migrations"[0m
  [1m[35mActiveRecord::SchemaMigration Load (0.1ms)[0m  SELECT "schema_migrations".* FROM "schema_migrations"


Started GET "/" for ::1 at 2015-11-18 13:36:42 -0600
  [1m[36mActiveRecord::SchemaMigration Load (0.1ms)[0m  [1mSELECT "schema_migrations".* FROM "schema_migrations"[0m
Processing by Rails::WelcomeController#index as HTML
  Rendered /Users/admin/.rvm/gems/ruby-2.1.2/gems/railties-4.2.3/lib/rails/templates/rails/welcome/index.html.erb (2.4ms)
Completed 200 OK in 39ms (Views: 24.5ms | ActiveRecord: 0.0ms)


Started GET "/" for ::1 at 2015-11-18 13:37:10 -0600
Processing by Rails::WelcomeController#index as HTML
  Rendered /Users/admin/.rvm/gems/ruby-2.1.2/gems/railties-4.2.3/lib/rails/templates/rails/welcome/index.html.erb (0.0ms)
Completed 200 OK in 1ms (Views: 0.7ms | ActiveRecord: 0.0ms)
  [1m[36mActiveRecord::SchemaMigration Load (0.5ms)[0m  [1mSELECT "schema_migrations".* FROM "schema_migrations"[0m
  [1m[35mActiveRecord::SchemaMigration Load (0.1ms)[0m  SELECT "schema_migrations".* FROM "schema_migrations"
  [1m[36mStudent Load (0.4ms)[0m  [1mSELECT  "students".* FROM "students"  ORDER BY "students"."id" DESC LIMIT 1[0m
  [1m[35mStudent Load (0.2ms)[0m  SELECT  "students".* FROM "students"  ORDER BY "students"."id" DESC LIMIT 1
  [1m[36m (0.1ms)[0m  [1mbegin transaction[0m
  [1m[35mSQL (0.6ms)[0m  DELETE FROM "students" WHERE "students"."id" = ?  [["id", 2]]
  [1m[36m (1.6ms)[0m  [1mcommit transaction[0m
  [1m[35mStudent Load (0.2ms)[0m  SELECT "students".* FROM "students"
  [1m[36mActiveRecord::SchemaMigration Load (0.1ms)[0m  [1mSELECT "schema_migrations".* FROM "schema_migrations"[0m
Migrating to CreateSchoolClasses (20180521203641)
  [1m[35m (0.1ms)[0m  begin transaction
  [1m[36m (0.5ms)[0m  [1mCREATE TABLE "school_classes" ("id" INTEGER PRIMARY KEY AUTOINCREMENT NOT NULL, "title" varchar, "room_number" integer, "created_at" datetime NOT NULL, "updated_at" datetime NOT NULL) [0m
  [1m[35mSQL (0.2ms)[0m  INSERT INTO "schema_migrations" ("version") VALUES (?)  [["version", "20180521203641"]]
  [1m[36m (1.4ms)[0m  [1mcommit transaction[0m
  [1m[35mActiveRecord::SchemaMigration Load (0.1ms)[0m  SELECT "schema_migrations".* FROM "schema_migrations"
  [1m[36mActiveRecord::SchemaMigration Load (0.1ms)[0m  [1mSELECT "schema_migrations".* FROM "schema_migrations"[0m
  [1m[35m (0.0ms)[0m  begin transaction
  [1m[36mSQL (0.4ms)[0m  [1mINSERT INTO "students" ("first_name", "last_name", "created_at", "updated_at") VALUES (?, ?, ?, ?)[0m  [["first_name", "Patrick"], ["last_name", "Star"], ["created_at", "2018-05-21 20:56:55.314616"], ["updated_at", "2018-05-21 20:56:55.314616"]]
  [1m[35m (2.3ms)[0m  commit transaction
  [1m[36m (0.0ms)[0m  [1mbegin transaction[0m
  [1m[35mSQL (0.3ms)[0m  INSERT INTO "students" ("first_name", "last_name", "created_at", "updated_at") VALUES (?, ?, ?, ?)  [["first_name", "Spongebob"], ["last_name", "Squarepants"], ["created_at", "2018-05-21 20:56:55.318816"], ["updated_at", "2018-05-21 20:56:55.318816"]]
  [1m[36m (0.8ms)[0m  [1mcommit transaction[0m


Started GET "/students" for ::1 at 2018-05-21 17:08:44 -0400
  [1m[36mActiveRecord::SchemaMigration Load (0.1ms)[0m  [1mSELECT "schema_migrations".* FROM "schema_migrations"[0m
Processing by StudentsController#index as HTML
  [1m[35mStudent Load (0.1ms)[0m  SELECT "students".* FROM "students"
  Rendered students/index.html.erb within layouts/application (13.7ms)
Completed 500 Internal Server Error in 32ms (ActiveRecord: 0.5ms)

ActionView::Template::Error (No route matches {:action=>"show", :controller=>"students"} missing required keys: [:id]):
    1: <h1> All Students </h1>
    2: <ul>
    3: <% @students.each do |student| %>
    4: <li><%= link_to student student_path %></li>
    5: <% end %>
    6: </ul>
  app/views/students/index.html.erb:4:in `block in _app_views_students_index_html_erb__2808408542761306098_70234980474840'
  app/views/students/index.html.erb:3:in `_app_views_students_index_html_erb__2808408542761306098_70234980474840'


  Rendered /Users/melanie.macdonald/.rvm/gems/ruby-2.3.3/gems/actionpack-4.2.10/lib/action_dispatch/middleware/templates/rescues/_source.erb (5.2ms)
  Rendered /Users/melanie.macdonald/.rvm/gems/ruby-2.3.3/gems/actionpack-4.2.10/lib/action_dispatch/middleware/templates/rescues/_trace.html.erb (2.2ms)
  Rendered /Users/melanie.macdonald/.rvm/gems/ruby-2.3.3/gems/actionpack-4.2.10/lib/action_dispatch/middleware/templates/rescues/_request_and_response.html.erb (0.9ms)
  Rendered /Users/melanie.macdonald/.rvm/gems/ruby-2.3.3/gems/actionpack-4.2.10/lib/action_dispatch/middleware/templates/rescues/template_error.html.erb within rescues/layout (93.7ms)


Started GET "/students" for ::1 at 2018-05-21 17:09:53 -0400
Processing by StudentsController#index as HTML
  [1m[36mStudent Load (0.1ms)[0m  [1mSELECT "students".* FROM "students"[0m
  Rendered students/index.html.erb within layouts/application (17.5ms)
Completed 500 Internal Server Error in 22ms (ActiveRecord: 0.1ms)

ActionView::Template::Error (undefined method `student' for #<#<Class:0x007fc1b74247f0>:0x007fc1ba899710>
Did you mean?  student_url):
    1: <h1> All Students </h1>
    2: <ul>
    3: <% @students.each do |student| %>
    4: <li><%= link_to student student_path(student) %></li>
    5: <% end %>
    6: </ul>
  app/views/students/index.html.erb:4:in `block in _app_views_students_index_html_erb__2808408542761306098_70234984816280'
  app/views/students/index.html.erb:3:in `_app_views_students_index_html_erb__2808408542761306098_70234984816280'


  Rendered /Users/melanie.macdonald/.rvm/gems/ruby-2.3.3/gems/actionpack-4.2.10/lib/action_dispatch/middleware/templates/rescues/_source.erb (5.8ms)
  Rendered /Users/melanie.macdonald/.rvm/gems/ruby-2.3.3/gems/actionpack-4.2.10/lib/action_dispatch/middleware/templates/rescues/_trace.html.erb (2.3ms)
  Rendered /Users/melanie.macdonald/.rvm/gems/ruby-2.3.3/gems/actionpack-4.2.10/lib/action_dispatch/middleware/templates/rescues/_request_and_response.html.erb (0.8ms)
  Rendered /Users/melanie.macdonald/.rvm/gems/ruby-2.3.3/gems/actionpack-4.2.10/lib/action_dispatch/middleware/templates/rescues/template_error.html.erb within rescues/layout (79.8ms)


Started GET "/students" for ::1 at 2018-05-21 17:10:27 -0400
Processing by StudentsController#index as HTML
  Rendered students/index.html.erb within layouts/application (0.5ms)
Completed 500 Internal Server Error in 11ms (ActiveRecord: 0.0ms)

SyntaxError (/Users/melanie.macdonald/apps/rails-form_for-lab-immersive-alum/app/views/students/index.html.erb:4: syntax error, unexpected tIDENTIFIER, expecting ')'
...udent.first_name}' student_path(student) );@output_buffer.sa...
...                               ^):
  app/views/students/index.html.erb:4: syntax error, unexpected tIDENTIFIER, expecting ')'


  Rendered /Users/melanie.macdonald/.rvm/gems/ruby-2.3.3/gems/actionpack-4.2.10/lib/action_dispatch/middleware/templates/rescues/_source.erb (4.6ms)
  Rendered /Users/melanie.macdonald/.rvm/gems/ruby-2.3.3/gems/actionpack-4.2.10/lib/action_dispatch/middleware/templates/rescues/_trace.html.erb (2.0ms)
  Rendered /Users/melanie.macdonald/.rvm/gems/ruby-2.3.3/gems/actionpack-4.2.10/lib/action_dispatch/middleware/templates/rescues/_request_and_response.html.erb (0.7ms)
  Rendered /Users/melanie.macdonald/.rvm/gems/ruby-2.3.3/gems/actionpack-4.2.10/lib/action_dispatch/middleware/templates/rescues/diagnostics.html.erb within rescues/layout (80.4ms)


Started GET "/students" for ::1 at 2018-05-21 17:10:50 -0400
Processing by StudentsController#index as HTML
  [1m[35mStudent Load (0.2ms)[0m  SELECT "students".* FROM "students"
  Rendered students/index.html.erb within layouts/application (1.1ms)
Completed 200 OK in 306ms (Views: 302.6ms | ActiveRecord: 0.2ms)


Started GET "/students" for ::1 at 2018-05-21 17:11:41 -0400
Processing by StudentsController#index as HTML
  [1m[36mStudent Load (0.3ms)[0m  [1mSELECT "students".* FROM "students"[0m
  Rendered students/index.html.erb within layouts/application (2.3ms)
Completed 200 OK in 16ms (Views: 14.8ms | ActiveRecord: 0.3ms)


Started GET "/students" for ::1 at 2018-05-21 17:12:21 -0400
Processing by StudentsController#index as HTML
  [1m[35mStudent Load (0.1ms)[0m  SELECT "students".* FROM "students"
  Rendered students/index.html.erb within layouts/application (1.5ms)
Completed 200 OK in 18ms (Views: 16.8ms | ActiveRecord: 0.1ms)


Started GET "/students/1" for ::1 at 2018-05-21 17:12:26 -0400
Processing by StudentsController#show as HTML
  Parameters: {"id"=>"1"}
  [1m[36mStudent Load (0.2ms)[0m  [1mSELECT  "students".* FROM "students" WHERE "students"."id" = ? LIMIT 1[0m  [["id", 1]]
  Rendered students/show.html.erb within layouts/application (0.3ms)
Completed 200 OK in 49ms (Views: 32.2ms | ActiveRecord: 0.2ms)


Started GET "/students" for ::1 at 2018-05-21 17:13:58 -0400
Processing by StudentsController#index as HTML
  [1m[35mStudent Load (0.3ms)[0m  SELECT "students".* FROM "students"
  Rendered students/index.html.erb within layouts/application (2.5ms)
Completed 200 OK in 21ms (Views: 20.3ms | ActiveRecord: 0.3ms)


Started GET "/students/1" for ::1 at 2018-05-21 17:14:00 -0400
Processing by StudentsController#show as HTML
  Parameters: {"id"=>"1"}
  [1m[36mStudent Load (0.1ms)[0m  [1mSELECT  "students".* FROM "students" WHERE "students"."id" = ? LIMIT 1[0m  [["id", 1]]
  Rendered students/show.html.erb within layouts/application (0.5ms)
Completed 200 OK in 37ms (Views: 35.7ms | ActiveRecord: 0.1ms)


Started GET "/students/new" for ::1 at 2018-05-21 17:20:27 -0400
Processing by StudentsController#new as HTML
  Rendered students/new.html.erb within layouts/application (23.2ms)
Completed 200 OK in 38ms (Views: 37.2ms | ActiveRecord: 0.0ms)


Started POST "/students" for ::1 at 2018-05-21 17:20:36 -0400
Processing by StudentsController#create as HTML
  Parameters: {"utf8"=>"✓", "authenticity_token"=>"HhYZpEFmbmss+QfF9BI0Xrm27JeyGh1VSnmcMC3xhRbJ/vrpOkBXzWQ9j/DDN4bWZ9CzHbKgfEOYuQMZNnp72w==", "student"=>{"first_name"=>"Melanie", "last_name"=>"MacDonald"}, "commit"=>"Create Student"}
Completed 500 Internal Server Error in 13ms (ActiveRecord: 0.0ms)

NoMethodError (undefined method `student_params' for #<StudentsController:0x007fc1bac6d418>
Did you mean?  student_path):
  app/controllers/students_controller.rb:12:in `create'


  Rendered /Users/melanie.macdonald/.rvm/gems/ruby-2.3.3/gems/actionpack-4.2.10/lib/action_dispatch/middleware/templates/rescues/_source.erb (3.0ms)
  Rendered /Users/melanie.macdonald/.rvm/gems/ruby-2.3.3/gems/actionpack-4.2.10/lib/action_dispatch/middleware/templates/rescues/_trace.html.erb (1.6ms)
  Rendered /Users/melanie.macdonald/.rvm/gems/ruby-2.3.3/gems/actionpack-4.2.10/lib/action_dispatch/middleware/templates/rescues/_request_and_response.html.erb (0.7ms)
  Rendered /Users/melanie.macdonald/.rvm/gems/ruby-2.3.3/gems/actionpack-4.2.10/lib/action_dispatch/middleware/templates/rescues/diagnostics.html.erb within rescues/layout (78.1ms)


Started POST "/students" for ::1 at 2018-05-21 17:24:30 -0400
Processing by StudentsController#create as HTML
  Parameters: {"utf8"=>"✓", "authenticity_token"=>"HhYZpEFmbmss+QfF9BI0Xrm27JeyGh1VSnmcMC3xhRbJ/vrpOkBXzWQ9j/DDN4bWZ9CzHbKgfEOYuQMZNnp72w==", "student"=>{"first_name"=>"Melanie", "last_name"=>"MacDonald"}, "commit"=>"Create Student"}
  [1m[35m (0.0ms)[0m  begin transaction
  [1m[36mSQL (0.5ms)[0m  [1mINSERT INTO "students" ("first_name", "last_name", "created_at", "updated_at") VALUES (?, ?, ?, ?)[0m  [["first_name", "Melanie"], ["last_name", "MacDonald"], ["created_at", "2018-05-21 21:24:30.578611"], ["updated_at", "2018-05-21 21:24:30.578611"]]
  [1m[35m (1.1ms)[0m  commit transaction
  [1m[36m (0.1ms)[0m  [1mbegin transaction[0m
  [1m[35m (0.0ms)[0m  commit transaction
Redirected to http://localhost:3000/students/5
Completed 302 Found in 10ms (ActiveRecord: 2.2ms)


Started GET "/students/5" for ::1 at 2018-05-21 17:24:30 -0400
Processing by StudentsController#show as HTML
  Parameters: {"id"=>"5"}
  [1m[36mStudent Load (0.1ms)[0m  [1mSELECT  "students".* FROM "students" WHERE "students"."id" = ? LIMIT 1[0m  [["id", 5]]
  Rendered students/show.html.erb within layouts/application (0.1ms)
Completed 200 OK in 15ms (Views: 14.0ms | ActiveRecord: 0.1ms)


Started GET "/students/new" for ::1 at 2018-05-21 17:24:39 -0400
Processing by StudentsController#new as HTML
  Rendered students/new.html.erb within layouts/application (1.0ms)
Completed 200 OK in 14ms (Views: 13.1ms | ActiveRecord: 0.0ms)


Started POST "/students" for ::1 at 2018-05-21 17:24:48 -0400
Processing by StudentsController#create as HTML
  Parameters: {"utf8"=>"✓", "authenticity_token"=>"gdEXZuzx+R9ZjhSmdF5/jEJaPlX9GgDQLMTYnIMAN2pWOfQrl9fAuRFKnJNDe80EnDxh3/2gYcb+BEe1mIvJpw==", "student"=>{"first_name"=>"Evan ", "last_name"=>"Harris"}, "commit"=>"Create Student"}
  [1m[35m (0.1ms)[0m  begin transaction
  [1m[36mSQL (0.4ms)[0m  [1mINSERT INTO "students" ("first_name", "last_name", "created_at", "updated_at") VALUES (?, ?, ?, ?)[0m  [["first_name", "Evan "], ["last_name", "Harris"], ["created_at", "2018-05-21 21:24:48.063921"], ["updated_at", "2018-05-21 21:24:48.063921"]]
  [1m[35m (1.8ms)[0m  commit transaction
  [1m[36m (0.1ms)[0m  [1mbegin transaction[0m
  [1m[35m (0.1ms)[0m  commit transaction
Redirected to http://localhost:3000/students/6
Completed 302 Found in 6ms (ActiveRecord: 2.4ms)


Started GET "/students/6" for ::1 at 2018-05-21 17:24:48 -0400
Processing by StudentsController#show as HTML
  Parameters: {"id"=>"6"}
  [1m[36mStudent Load (0.2ms)[0m  [1mSELECT  "students".* FROM "students" WHERE "students"."id" = ? LIMIT 1[0m  [["id", 6]]
  Rendered students/show.html.erb within layouts/application (0.1ms)
Completed 200 OK in 12ms (Views: 11.2ms | ActiveRecord: 0.2ms)


Started GET "/students/edit" for ::1 at 2018-05-21 18:01:39 -0400
Processing by StudentsController#show as HTML
  Parameters: {"id"=>"edit"}
  [1m[35mStudent Load (0.1ms)[0m  SELECT  "students".* FROM "students" WHERE "students"."id" = ? LIMIT 1  [["id", 0]]
Completed 404 Not Found in 4ms (ActiveRecord: 0.5ms)

ActiveRecord::RecordNotFound (Couldn't find Student with 'id'=edit):
  app/controllers/students_controller.rb:6:in `show'


  Rendered /Users/melanie.macdonald/.rvm/gems/ruby-2.3.3/gems/actionpack-4.2.10/lib/action_dispatch/middleware/templates/rescues/_source.erb (8.1ms)
  Rendered /Users/melanie.macdonald/.rvm/gems/ruby-2.3.3/gems/actionpack-4.2.10/lib/action_dispatch/middleware/templates/rescues/_trace.html.erb (1.6ms)
  Rendered /Users/melanie.macdonald/.rvm/gems/ruby-2.3.3/gems/actionpack-4.2.10/lib/action_dispatch/middleware/templates/rescues/_request_and_response.html.erb (0.7ms)
  Rendered /Users/melanie.macdonald/.rvm/gems/ruby-2.3.3/gems/actionpack-4.2.10/lib/action_dispatch/middleware/templates/rescues/diagnostics.html.erb within rescues/layout (81.8ms)


Started GET "/students/6/edit" for ::1 at 2018-05-21 18:01:45 -0400
Processing by StudentsController#edit as HTML
  Parameters: {"id"=>"6"}
  [1m[36mStudent Load (0.1ms)[0m  [1mSELECT  "students".* FROM "students" WHERE "students"."id" = ? LIMIT 1[0m  [["id", 6]]
  Rendered students/edit.html.erb within layouts/application (1.9ms)
Completed 200 OK in 19ms (Views: 16.5ms | ActiveRecord: 0.1ms)


Started PATCH "/students/6" for ::1 at 2018-05-21 18:01:53 -0400

ActionController::RoutingError (No route matches [PATCH] "/students/6"):
  actionpack (4.2.10) lib/action_dispatch/middleware/debug_exceptions.rb:21:in `call'
  actionpack (4.2.10) lib/action_dispatch/middleware/show_exceptions.rb:30:in `call'
  railties (4.2.10) lib/rails/rack/logger.rb:38:in `call_app'
  railties (4.2.10) lib/rails/rack/logger.rb:20:in `block in call'
  activesupport (4.2.10) lib/active_support/tagged_logging.rb:68:in `block in tagged'
  activesupport (4.2.10) lib/active_support/tagged_logging.rb:26:in `tagged'
  activesupport (4.2.10) lib/active_support/tagged_logging.rb:68:in `tagged'
  railties (4.2.10) lib/rails/rack/logger.rb:20:in `call'
  actionpack (4.2.10) lib/action_dispatch/middleware/request_id.rb:21:in `call'
  rack (1.6.10) lib/rack/methodoverride.rb:22:in `call'
  rack (1.6.10) lib/rack/runtime.rb:18:in `call'
  activesupport (4.2.10) lib/active_support/cache/strategy/local_cache_middleware.rb:28:in `call'
  rack (1.6.10) lib/rack/lock.rb:17:in `call'
  actionpack (4.2.10) lib/action_dispatch/middleware/static.rb:120:in `call'
  rack (1.6.10) lib/rack/sendfile.rb:113:in `call'
  railties (4.2.10) lib/rails/engine.rb:518:in `call'
  railties (4.2.10) lib/rails/application.rb:165:in `call'
  rack (1.6.10) lib/rack/lock.rb:17:in `call'
  rack (1.6.10) lib/rack/content_length.rb:15:in `call'
  rack (1.6.10) lib/rack/handler/webrick.rb:88:in `service'
  /Users/melanie.macdonald/.rvm/rubies/ruby-2.3.3/lib/ruby/2.3.0/webrick/httpserver.rb:140:in `service'
  /Users/melanie.macdonald/.rvm/rubies/ruby-2.3.3/lib/ruby/2.3.0/webrick/httpserver.rb:96:in `run'
  /Users/melanie.macdonald/.rvm/rubies/ruby-2.3.3/lib/ruby/2.3.0/webrick/server.rb:296:in `block in start_thread'


  Rendered /Users/melanie.macdonald/.rvm/gems/ruby-2.3.3/gems/actionpack-4.2.10/lib/action_dispatch/middleware/templates/rescues/_trace.html.erb (1.3ms)
  Rendered /Users/melanie.macdonald/.rvm/gems/ruby-2.3.3/gems/actionpack-4.2.10/lib/action_dispatch/middleware/templates/routes/_route.html.erb (1.8ms)
  Rendered /Users/melanie.macdonald/.rvm/gems/ruby-2.3.3/gems/actionpack-4.2.10/lib/action_dispatch/middleware/templates/routes/_table.html.erb (4.1ms)
  Rendered /Users/melanie.macdonald/.rvm/gems/ruby-2.3.3/gems/actionpack-4.2.10/lib/action_dispatch/middleware/templates/rescues/_request_and_response.html.erb (1.3ms)
  Rendered /Users/melanie.macdonald/.rvm/gems/ruby-2.3.3/gems/actionpack-4.2.10/lib/action_dispatch/middleware/templates/rescues/routing_error.html.erb within rescues/layout (126.2ms)
